0 silly input [ 'test' ]
1 silly flags { _: [ 'run' ],
1 silly flags   'reject-cycles': false,
1 silly flags   rejectCycles: false,
1 silly flags   parallel: true,
1 silly flags   script: 'test',
1 silly flags   args: [] }
2 verbose rootPath C:\Users\stambakio\Documents\react\fsm-workflow
3 info version 2.8.0
4 silly existsSync C:\Users\stambakio\Documents\react\fsm-workflow\VERSION
5 silly initialize attempt
6 silly initialize success
7 silly execute attempt
8 info run in 4 package(s): npm run test
9 silly runScriptInPackageStreaming [ 'test', [], '@opuscapita/fsm-workflow-core' ]
10 silly getExecOpts { cwd: 'C:\\Users\\stambakio\\Documents\\react\\fsm-workflow\\packages\\core' }
11 silly runScriptInPackageStreaming [ 'test', [], '@opuscapita/fsm-workflow-editor' ]
12 silly getExecOpts { cwd: 'C:\\Users\\stambakio\\Documents\\react\\fsm-workflow\\packages\\editor' }
13 silly runScriptInPackageStreaming [ 'test', [], '@opuscapita/fsm-workflow-history' ]
14 silly getExecOpts { cwd: 'C:\\Users\\stambakio\\Documents\\react\\fsm-workflow\\packages\\history' }
15 silly runScriptInPackageStreaming [ 'test', [], '@opuscapita/fsm-workflow-task-manager' ]
16 silly getExecOpts { cwd: 'C:\\Users\\stambakio\\Documents\\react\\fsm-workflow\\packages\\task-manager' }
17 error execute callback with error
18 error Error: Command failed: npm run test
18 error Warning: Could not find any test files matching pattern: 'src/**/*.spec.js'
18 error No test files found
18 error npm ERR! code ELIFECYCLE
18 error npm ERR! errno 1
18 error npm ERR! @opuscapita/fsm-workflow-history@1.0.0 test: `rimraf ./.nyc_output ./coverage && nyc --reporter=lcov --reporter=text mocha --reporter=mocha-junit-reporter --recursive 'src/**/*.spec.js'`
18 error npm ERR! Exit status 1
18 error npm ERR!
18 error npm ERR! Failed at the @opuscapita/fsm-workflow-history@1.0.0 test script.
18 error npm ERR! This is probably not a problem with npm. There is likely additional logging output above.
18 error
18 error npm ERR! A complete log of this run can be found in:
18 error npm ERR!     C:\Users\stambakio\AppData\Roaming\npm-cache\_logs\2018-02-14T11_27_02_211Z-debug.log
18 error
18 error
18 error > @opuscapita/fsm-workflow-history@1.0.0 test C:\Users\stambakio\Documents\react\fsm-workflow\packages\history
18 error > rimraf ./.nyc_output ./coverage && nyc --reporter=lcov --reporter=text mocha --reporter=mocha-junit-reporter --recursive 'src/**/*.spec.js'
18 error
18 error -----------------------------------------------------|----------|----------|----------|----------|----------------|
18 error File                                                 |  % Stmts | % Branch |  % Funcs |  % Lines |Uncovered Lines |
18 error -----------------------------------------------------|----------|----------|----------|----------|----------------|
18 error All files                                            |        0 |        0 |        0 |        0 |                |
18 error  src                                                 |        0 |      100 |        0 |        0 |                |
18 error   index.js                                           |        0 |      100 |        0 |        0 |... ,9,18,31,32 |
18 error  src/models/definitions                              |        0 |        0 |        0 |        0 |                |
18 error   index.js                                           |        0 |        0 |        0 |        0 |... 19,21,28,29 |
18 error   workflowTransitionHistory.js                       |        0 |      100 |        0 |        0 |              3 |
18 error  src/models/interfaces                               |        0 |      100 |        0 |        0 |                |
18 error   index.js                                           |        0 |      100 |        0 |        0 |        3,5,6,7 |
18 error  src/models/migrations                               |        0 |      100 |        0 |        0 |                |
18 error   20180123102827-create-workflowTransitionHistory.js |        0 |      100 |        0 |        0 |         3,4,16 |
18 error -----------------------------------------------------|----------|----------|----------|----------|----------------|
18 error
18 error     at Promise.all.then.arr (C:\Users\stambakio\Documents\react\fsm-workflow\node_modules\execa\index.js:236:11)
18 error     at <anonymous>
